<?xml version="1.0" encoding="UTF-8"?>
<!-- Generated by org.testng.reporters.JUnitReportReporter -->
<testsuite hostname="HW0054" name="banking.amountval" tests="1" failures="0" timestamp="23 Jul 2019 07:34:54 GMT" time="0.000" errors="0">
  <testcase name="simplemethod" time="0.000" classname="banking.amountval"/>
</testsuite> <!-- banking.amountval -->
