<?xml version="1.0" encoding="UTF-8"?>
<!-- Generated by org.testng.reporters.JUnitReportReporter -->
<testsuite hostname="HW0054" name="banking.Snippet" tests="1" failures="0" timestamp="23 Jul 2019 07:34:54 GMT" time="0.016" errors="0">
  <testcase name="simplemethod2" time="0.016" classname="banking.Snippet"/>
</testsuite> <!-- banking.Snippet -->
